#
# A fatal error has been detected by the Java Runtime Environment:
#
#  Internal Error (0x20474343), pid=18656, tid=16408
#
# JRE version: Java(TM) SE Runtime Environment (24.0.1+9) (build 24.0.1+9-30)
# Java VM: Java HotSpot(TM) 64-Bit Server VM (24.0.1+9-30, mixed mode, sharing, tiered, compressed oops, compressed class ptrs, g1 gc, windows-amd64)
# Problematic frame:
# C  [KERNELBASE.dll+0x25339]
#
# No core dump will be written. Minidumps are not enabled by default on client versions of Windows
#
# If you would like to submit a bug report, please visit:
#   https://bugreport.java.com/bugreport/crash.jsp
# The crash happened outside the Java Virtual Machine in native code.
# See problematic frame for where to report the bug.
#

---------------  S U M M A R Y ------------

Command Line: --enable-native-access=ALL-UNNAMED C:\Users\1\Documents\Practice-native\demo\test.jar -a max -f number -g name -d C:\Users\1\Documents\Practice-native\nabor(group).json

Host: Intel(R) Core(TM) i5-8300H CPU @ 2.30GHz, 8 cores, 15G,  Windows 10 , 64 bit Build 19041 (10.0.19041.5915)
Time: Wed Jul 16 14:36:27 2025 RTZ 2 (s 10 , 64 bit Build 19041 (10.0.19041.5915) elapsed time: 2.665465 seconds (0d 0h 0m 2s)

---------------  T H R E A D  ---------------

Current thread (0x000001f463743c10):  JavaThread "main"             [_thread_in_native, id=16408, stack(0x000000da0c200000,0x000000da0c300000) (1024K)]

Stack: [0x000000da0c200000,0x000000da0c300000],  sp=0x000000da0c2fef20,  free space=1019k
Native frames: (J=compiled Java code, j=interpreted, Vv=VM code, C=native code)
C  [KERNELBASE.dll+0x25339]  (no source info available)
C  [libgcc_s_seh-1.dll+0x1c311]  (no source info available)
C  [libstdc++-6.dll+0x1417f9]  (no source info available)
C  [aggregation.dll+0xcceb]  (no source info available)
C  0x000001f47581ce20  (no source info available)

The last pc belongs to native method entry point (kind = native) (printed below).
Java frames: (J=compiled Java code, j=interpreted, Vv=VM code)
j  com.example.Main.calculateMax(Ljava/lang/String;Ljava/lang/String;Ljava/util/List;)Ljava/lang/String;+0
j  com.example.Main.main([Ljava/lang/String;)V+555
v  ~StubRoutines::call_stub 0x000001f475810fcd

siginfo: EXCEPTION_?? (0x20474343), ExceptionInformation=0x000001f49a2c2570 


Registers:
RAX=0x000001f4aafa0000, RBX=0x000001f49a2c2520, RCX=0x000001f463940000, RDX=0x00007ff9ed0011fc
RSP=0x000000da0c2fef20, RBP=0x000001f46394eef0, RSI=0x000001f450420df0, RDI=0x000001f480031930
R8 =0x000001f463940150, R9 =0x0000000000002afb, R10=0x0000000000002afb, R11=0x000000007ffe0380
R12=0x000001f46394ef10, R13=0x000001f49a2c2670, R14=0x000001f49a2c2668, R15=0x0000000000000002
RIP=0x00007ff938ce5339, EFLAGS=0x0000000000000206

XMM[0]=0x0000000000000010 0x000000da0c2fea10
XMM[1]=0x000001f4aafa0000 0x0000000000000000
XMM[2]=0x0000000000000000 0x000001f400000000
XMM[3]=0x000001f4635d0000 0x00000000000003ff
XMM[4]=0x000001f405010004 0x000001f4aafa0000
XMM[5]=0x0000000000000000 0x000001f463942f70
XMM[6]=0x0000000000000000 0x0000000000000000
XMM[7]=0x0000000000000000 0x00007ff8f649f720
XMM[8]=0x0000000000000000 0x0000000100000001
XMM[9]=0x0000000000000000 0x0000000000000000
XMM[10]=0x0000000000000000 0x0000000000000000
XMM[11]=0x0000000000000000 0x0000000000000000
XMM[12]=0x0000000000000000 0x0000000000000000
XMM[13]=0x0000000000000000 0x0000000000000000
XMM[14]=0x0000000000000000 0x0000000000000000
XMM[15]=0x0000000000000000 0x0000000000000000
  MXCSR=0x00001fa0


Register to memory mapping:

RAX=0x000001f4aafa0000 points into unknown readable memory: 0x0000000000000000 | 00 00 00 00 00 00 00 00
RBX=0x000001f49a2c2520 points into unknown readable memory: 0x000001f450420df0 | f0 0d 42 50 f4 01 00 00
RCX=0x000001f463940000 points into unknown readable memory: 0x0000000000000000 | 00 00 00 00 00 00 00 00
RDX=0x00007ff9ed0011fc is an unknown value
RSP=0x000000da0c2fef20 is pointing into the stack for thread: 0x000001f463743c10
RBP=0x000001f46394eef0 points into unknown readable memory: 0x00007ff8f649e2f8 | f8 e2 49 f6 f8 7f 00 00
RSI=0x000001f450420df0 points into unknown readable memory: 0x00007ff8f649f600 | 00 f6 49 f6 f8 7f 00 00
RDI=0x000001f480031930 points into unknown readable memory: 0x000001f46394eef0 | f0 ee 94 63 f4 01 00 00
R8 =0x000001f463940150 points into unknown readable memory: 0x000001f44b566200 | 00 62 56 4b f4 01 00 00
R9 =0x0000000000002afb is an unknown value
R10=0x0000000000002afb is an unknown value
R11=0x000000007ffe0380 points into unknown readable memory: 0x0000000000000000 | 00 00 00 00 00 00 00 00
R12=0x000001f46394ef10 points into unknown readable memory: 0xffffffffffffffff | ff ff ff ff ff ff ff ff
R13=0x000001f49a2c2670 points into unknown readable memory: 0x00007ff8f649e2f8 | f8 e2 49 f6 f8 7f 00 00
R14=0x000001f49a2c2668 points into unknown readable memory: 0x0000000100000001 | 01 00 00 00 01 00 00 00
R15=0x0000000000000002 is an unknown value

Top of Stack: (sp=0x000000da0c2fef20)
0x000000da0c2fef20:   00000000a75d41d0 000001f49a2c2520   .A]..... %,.....
0x000000da0c2fef30:   000001f450420df0 00007ff90ea96158   ..BP....Xa......
0x000000da0c2fef40:   0000000020474343 0000000000000000   CCG ............
0x000000da0c2fef50:   00007ff938ce5339 00007ff800000001   9S.8............
0x000000da0c2fef60:   000001f49a2c2570 000001f49a2c2668   p%,.....h&,.....
0x000000da0c2fef70:   000001f49a2c2670 000001f46394ef10   p&,........c....
0x000000da0c2fef80:   0000000000000018 00007ff8ec0243a0   .........C......
0x000000da0c2fef90:   000001f46394eef0 00007ff93a3b9d40   ...c....@.;:....
0x000000da0c2fefa0:   0000000000000000 0000000000000018   ................
0x000000da0c2fefb0:   000001f480031930 000001f463940000   0..........c....
0x000000da0c2fefc0:   000001f480031930 00007ff8fc01cdf7   0...............
0x000000da0c2fefd0:   0000000000000002 00007ff8ec0243a0   .........C......
0x000000da0c2fefe0:   00008a8447989449 000001f463940000   I..G.......c....
0x000000da0c2feff0:   000001f480031930 00007ff8fc01c311   0...............
0x000000da0c2ff000:   000001f48ae23e90 000001f450420df0   .>........BP....
0x000000da0c2ff010:   000001f49a2c2660 000001f49a2c2520   `&,..... %,.....
0x000000da0c2ff020:   000001f450420df0 00007ff8ec0017f9   ..BP............
0x000000da0c2ff030:   000001f49a2c2570 0000000000000000   p%,.............
0x000000da0c2ff040:   000000da0c2ff030 000000da0c2ff028   0./.....(./.....
0x000000da0c2ff050:   000000da0c2ff220 000000da0c2ff220    ./..... ./.....
0x000000da0c2ff060:   000001f480031ab0 00007ff8f647cceb   ..........G.....
0x000000da0c2ff070:   000000da0c2ff368 000001f483f6e100   h./.............
0x000000da0c2ff080:   000000000000000a 0000000000000000   ................
0x000000da0c2ff090:   000001f400000000 000001f400000000   ................
0x000000da0c2ff0a0:   0000000000000000 000001f4a8582590   .........%X.....
0x000000da0c2ff0b0:   000001f4639426b0 000001f480031b30   .&.c....0.......
0x000000da0c2ff0c0:   000000da0c2ff1e0 000001f4639426b0   ../......&.c....
0x000000da0c2ff0d0:   000001f480031930 000000da0c2ff1c0   0........./.....
0x000000da0c2ff0e0:   000000da0c2ff1a0 000000da0c2ff130   ../.....0./.....
0x000000da0c2ff0f0:   0000000000000000 0000000000000000   ................
0x000000da0c2ff100:   000000da0c2ff1c0 000000000000000a   ../.............
0x000000da0c2ff110:   0000000000000002 000001f463942700   .........'.c....

Instructions: (pc=0x00007ff938ce5339)
  0x00007ff938ce5239:   09 00 48 8b 84 24 b8 00 00 00 48 8b 8c 24 b0 05
  0x00007ff938ce5249:   00 00 48 33 cc e8 bd 9a 06 00 48 81 c4 c0 05 00
  0x00007ff938ce5259:   00 41 5f 41 5e 41 5d 5e 5b c3 cc 48 ff 15 4d de
  0x00007ff938ce5269:   1b 00 0f 1f 44 00 00 eb b0 cc cc cc cc cc cc cc
  0x00007ff938ce5279:   cc cc cc cc cc cc cc 40 53 48 83 ec 30 48 8b d1
  0x00007ff938ce5289:   48 8d 4c 24 20 e8 5d 23 00 00 85 c0 74 26 48 8b
  0x00007ff938ce5299:   4c 24 28 e8 ef 38 00 00 48 8d 4c 24 20 8b d8 48
  0x00007ff938ce52a9:   ff 15 51 d8 1b 00 0f 1f 44 00 00 8b c3 48 83 c4
  0x00007ff938ce52b9:   30 5b c3 cc 83 c8 ff eb f4 cc cc cc cc cc cc cc
  0x00007ff938ce52c9:   cc cc cc cc cc cc cc 48 81 ec d8 00 00 00 48 8b
  0x00007ff938ce52d9:   05 c2 0b 29 00 48 33 c4 48 89 84 24 c0 00 00 00
  0x00007ff938ce52e9:   48 83 64 24 28 00 48 8d 05 da ff ff ff 83 e2 01
  0x00007ff938ce52f9:   89 4c 24 20 89 54 24 24 48 89 44 24 30 4d 85 c9
  0x00007ff938ce5309:   74 4c b8 0f 00 00 00 48 8d 4c 24 40 44 3b c0 49
  0x00007ff938ce5319:   8b d1 44 0f 47 c0 44 89 44 24 38 49 c1 e0 03 e8
  0x00007ff938ce5329:   2a 1d 09 00 48 8d 4c 24 20 48 ff 15 9f df 1b 00
=>0x00007ff938ce5339:   0f 1f 44 00 00 48 8b 8c 24 c0 00 00 00 48 33 cc
  0x00007ff938ce5349:   e8 c2 99 06 00 48 81 c4 d8 00 00 00 c3 cc 83 64
  0x00007ff938ce5359:   24 38 00 eb cf cc cc cc cc cc cc cc cc cc cc cc
  0x00007ff938ce5369:   cc cc cc cc cc cc cc 65 48 8b 04 25 30 00 00 00
  0x00007ff938ce5379:   8b 40 68 c3 cc cc cc cc cc cc cc cc cc cc cc cc
  0x00007ff938ce5389:   cc cc cc cc cc cc cc 48 89 5c 24 10 48 89 74 24
  0x00007ff938ce5399:   18 57 41 54 41 55 41 56 41 57 48 81 ec b0 02 00
  0x00007ff938ce53a9:   00 48 8b 05 ef 0a 29 00 48 33 c4 48 89 84 24 a0
  0x00007ff938ce53b9:   02 00 00 48 8d 15 ff 2d 1c 00 48 85 c9 48 0f 45
  0x00007ff938ce53c9:   d1 48 89 94 24 80 00 00 00 48 83 c8 ff 48 ff c0
  0x00007ff938ce53d9:   80 3c 02 00 75 f7 48 ff c0 48 89 84 24 88 00 00
  0x00007ff938ce53e9:   00 48 89 94 24 90 00 00 00 4c 8d 8c 24 88 00 00
  0x00007ff938ce53f9:   00 33 d2 b9 06 00 01 40 44 8d 42 02 e8 c6 fe ff
  0x00007ff938ce5409:   ff e9 f0 01 00 00 33 f6 48 89 74 24 60 45 33 ff
  0x00007ff938ce5419:   4c 89 7c 24 48 45 33 f6 4c 89 74 24 58 33 ff 48
  0x00007ff938ce5429:   89 7c 24 50 e8 3e ff ff ff 89 44 24 40 48 39 35


Stack slot to memory mapping:

stack at sp + 0 slots: 0x00000000a75d41d0 is an unknown value
stack at sp + 1 slots: 0x000001f49a2c2520 points into unknown readable memory: 0x000001f450420df0 | f0 0d 42 50 f4 01 00 00
stack at sp + 2 slots: 0x000001f450420df0 points into unknown readable memory: 0x00007ff8f649f600 | 00 f6 49 f6 f8 7f 00 00
stack at sp + 3 slots: 0x00007ff90ea96158 libwinpthread-1.dll
stack at sp + 4 slots: 0x0000000020474343 is an unknown value
stack at sp + 5 slots: 0x0 is null
stack at sp + 6 slots: 0x00007ff938ce5339 KERNELBASE.dll
stack at sp + 7 slots: 0x00007ff800000001 is an unknown value

Lock stack of current Java thread (top to bottom):

native method entry point (kind = native)  [0x000001f47581ca40, 0x000001f47581d478]  2616 bytes
[MachCode]
  0x000001f47581ca40: 488b 4b08 | 0fb7 492e | 584c 8d74 | ccf8 6800 | 0000 0068 | 0000 0000 | 5055 488b | ec41 5568 
  0x000001f47581ca60: 0000 0000 | 4c8b 6b08 | 4d8d 6d38 | 5348 8b53 | 0848 8b52 | 0848 8b52 | 1848 8b52 | 7048 8b12 
  0x000001f47581ca80: 5248 8b53 | 1048 85d2 | 0f84 0700 | 0000 4881 | c208 0100 | 0052 488b | 5308 488b | 5208 488b 
  0x000001f47581caa0: 5210 5249 | 8bc6 482b | c548 c1e8 | 0350 6800 | 0000 0068 | f7ff ffff | 41c6 8771 | 0400 0001 
  0x000001f47581cac0: 488b 4310 | 4885 c074 | 208b 88cc | 0000 0083 | c102 8988 | cc00 0000 | 2388 e000 | 0000 0f84 
  0x000001f47581cae0: e408 0000 | e9cd 0000 | 0048 8b43 | 1848 85c0 | 0f85 b000 | 0000 e805 | 0000 00e9 | 9900 0000 
  0x000001f47581cb00: 488b d348 | 8d44 2408 | 4c89 6dc0 | 498b cfc5 | f877 4989 | afb8 0300 | 0049 8987 | a803 0000 
  0x000001f47581cb20: 4883 ec20 | 40f6 c40f | 0f84 1900 | 0000 4883 | ec08 48b8 | 6030 99e7 | f87f 0000 | ffd0 4883 
  0x000001f47581cb40: c408 e90c | 0000 0048 | b860 3099 | e7f8 7f00 | 00ff d048 | 83c4 2049 | c787 a803 | 0000 0000 
  0x000001f47581cb60: 0000 49c7 | 87b8 0300 | 0000 0000 | 0049 c787 | b003 0000 | 0000 0000 | c5f8 7749 | 837f 0800 
  0x000001f47581cb80: 0f84 0500 | 0000 e935 | 43ff ff4c | 8b6d c04c | 8b75 c84e | 8d74 f500 | c348 8b43 | 1848 85c0 
  0x000001f47581cba0: 0f84 1000 | 0000 8b08 | 83c1 0289 | 0823 4814 | 0f84 1208 | 0000 493b | a7f0 0400 | 000f 8748 
  0x000001f47581cbc0: 0000 0089 | 8424 00f0 | ffff 8984 | 2400 e0ff | ff89 8424 | 00d0 ffff | 8984 2400 | c0ff ff89 
  0x000001f47581cbe0: 8424 00b0 | ffff 8984 | 2400 a0ff | ff89 8424 | 0090 ffff | 8984 2400 | 80ff ff49 | 3ba7 e804 
  0x000001f47581cc00: 0000 7607 | 4989 a7f0 | 0400 0041 | c687 7104 | 0000 0048 | 8b5d e84c | 8b5b 0845 | 0fb7 5b2e 
  0x000001f47581cc20: 41c1 e303 | 492b e348 | 83ec 2048 | 83e4 f04c | 8b5b 604d | 85db 0f85 | ab00 0000 | e805 0000 
  0x000001f47581cc40: 00e9 9900 | 0000 488b | d348 8d44 | 2408 4c89 | 6dc0 498b | cfc5 f877 | 4989 afb8 | 0300 0049 
  0x000001f47581cc60: 8987 a803 | 0000 4883 | ec20 40f6 | c40f 0f84 | 1900 0000 | 4883 ec08 | 48b8 a05a | 99e7 f87f 
  0x000001f47581cc80: 0000 ffd0 | 4883 c408 | e90c 0000 | 0048 b8a0 | 5a99 e7f8 | 7f00 00ff | d048 83c4 | 2049 c787 
  0x000001f47581cca0: a803 0000 | 0000 0000 | 49c7 87b8 | 0300 0000 | 0000 0049 | c787 b003 | 0000 0000 | 0000 c5f8 
  0x000001f47581ccc0: 7749 837f | 0800 0f84 | 0500 0000 | e9ef 41ff | ff4c 8b6d | c04c 8b75 | c84e 8d74 | f500 c348 
  0x000001f47581cce0: 8b5d e84c | 8b5b 6041 | ffd3 488b | 5de8 4889 | 4518 448b | 5b28 41f6 | c308 0f84 | 1b00 0000 
  0x000001f47581cd00: 4c8b 5b08 | 4d8b 5b08 | 4d8b 5b18 | 4d8b 5b70 | 4d8b 1b4c | 895d 1048 | 8d55 1048 | 8b43 5849 
  0x000001f47581cd20: ba40 70d2 | e7f8 7f00 | 0049 3bc2 | 0f85 ab00 | 0000 e805 | 0000 00e9 | 9900 0000 | 488b d348 
  0x000001f47581cd40: 8d44 2408 | 4c89 6dc0 | 498b cfc5 | f877 4989 | afb8 0300 | 0049 8987 | a803 0000 | 4883 ec20 
  0x000001f47581cd60: 40f6 c40f | 0f84 1900 | 0000 4883 | ec08 48b8 | a05a 99e7 | f87f 0000 | ffd0 4883 | c408 e90c 
  0x000001f47581cd80: 0000 0048 | b8a0 5a99 | e7f8 7f00 | 00ff d048 | 83c4 2049 | c787 a803 | 0000 0000 | 0000 49c7 
  0x000001f47581cda0: 87b8 0300 | 0000 0000 | 0049 c787 | b003 0000 | 0000 0000 | c5f8 7749 | 837f 0800 | 0f84 0500 
  0x000001f47581cdc0: 0000 e9f9 | 40ff ff4c | 8b6d c04c | 8b75 c84e | 8d74 f500 | c348 8b5d | e848 8b43 | 5849 8d8f 
  0x000001f47581cde0: c803 0000 | 4c8d 15d5 | 0000 004d | 8997 b003 | 0000 c5f8 | 7749 89af | b803 0000 | 4989 a7a8 
  0x000001f47581ce00: 0300 0041 | c787 5404 | 0000 0400 | 0000 493b | a748 0500 | 0076 0749 | 89a7 4805 | 0000 ffd0 
  0x000001f47581ce20: 493b a748 | 0500 0072 | 0b49 c787 | 4805 0000 | 0000 0000 | c5f8 7748 | 83ec 10c5 | fb11 0424 
  0x000001f47581ce40: 4883 ec10 | 4889 0424 | 48c7 4424 | 0800 0000 | 0041 c787 | 5404 0000 | 0500 0000 | f083 4424 
  0x000001f47581ce60: c000 493b | 6f28 0f87 | 0e00 0000 | 4183 bf50 | 0400 0000 | 0f84 2000 | 0000 498b | cf4c 8be4 
  0x000001f47581ce80: 4883 ec20 | 4883 e4f0 | 48b8 d0b9 | 9ae7 f87f | 0000 ffd0 | 498b e44d | 33e4 41c7 | 8754 0400 
  0x000001f47581cea0: 0008 0000 | 004d 8b97 | 7005 0000 | 4983 fa00 | 7435 49c7 | 8770 0500 | 0000 0000 | 0041 ffe2 
  0x000001f47581cec0: 49ba 00bb | 8175 f401 | 0000 41ff | d248 83ec | 10c5 fb11 | 0424 4883 | ec10 4889 | 0424 48c7 
  0x000001f47581cee0: 4424 0800 | 0000 0049 | c787 a803 | 0000 0000 | 0000 49c7 | 87b8 0300 | 0000 0000 | 0049 c787 
  0x000001f47581cf00: b003 0000 | 0000 0000 | c5f8 774d | 8b9f 3804 | 0000 41c7 | 8300 0100 | 0000 0000 | 0049 bb3a 
  0x000001f47581cf20: a481 75f4 | 0100 004c | 3b5d 180f | 8555 0100 | 0048 8b04 | 2448 83c4 | 1048 85c0 | 0f84 2f01 
  0x000001f47581cf40: 0000 a803 | 0f85 0800 | 0000 488b | 00e9 1f01 | 0000 a801 | 0f85 0900 | 0000 488b | 40fe e90e 
  0x000001f47581cf60: 0100 0048 | 8b40 ff41 | 807f 4800 | 0f84 ff00 | 0000 4883 | f800 0f84 | f500 0000 | 4d8b 5f38 
  0x000001f47581cf80: 4d85 db0f | 8414 0000 | 0049 83eb | 084d 895f | 384d 035f | 4049 8903 | e9d4 0000 | 0048 83ec 
  0x000001f47581cfa0: 7048 8904 | 2448 894c | 2408 4889 | 5424 104c | 8944 2418 | 4c89 4c24 | 204c 8954 | 2428 4c89 
  0x000001f47581cfc0: 5c24 30c5 | fb11 4424 | 40c5 fb11 | 4c24 48c5 | fb11 5424 | 50c5 fb11 | 5c24 58c5 | fb11 6424 
  0x000001f47581cfe0: 60c5 fb11 | 6c24 6849 | 8bd7 488b | c848 83ec | 2040 f6c4 | 0f0f 8419 | 0000 0048 | 83ec 0848 
  0x000001f47581d000: b890 498d | e7f8 7f00 | 00ff d048 | 83c4 08e9 | 0c00 0000 | 48b8 9049 | 8de7 f87f | 0000 ffd0 
  0x000001f47581d020: 4883 c420 | c5fb 106c | 2468 c5fb | 1064 2460 | c5fb 105c | 2458 c5fb | 1054 2450 | c5fb 104c 
  0x000001f47581d040: 2448 c5fb | 1044 2440 | 4c8b 5c24 | 304c 8b54 | 2428 4c8b | 4c24 204c | 8b44 2418 | 488b 5424 
  0x000001f47581d060: 1048 8b4c | 2408 488b | 0424 4883 | c470 c5f8 | 7748 8945 | 1048 83ec | 1048 8904 | 2448 c744 
  0x000001f47581d080: 2408 0000 | 0000 4183 | bfd0 0400 | 0002 0f85 | bf00 0000 | 4881 ec80 | 0000 0048 | 8944 2478 
  0x000001f47581d0a0: 4889 4c24 | 7048 8954 | 2468 4889 | 5c24 6048 | 896c 2450 | 4889 7424 | 4848 897c | 2440 4c89 
  0x000001f47581d0c0: 4424 384c | 894c 2430 | 4c89 5424 | 284c 895c | 2420 4c89 | 6424 184c | 896c 2410 | 4c89 7424 
  0x000001f47581d0e0: 084c 893c | 244c 8be4 | 4883 ec20 | 4883 e4f0 | 48b8 d056 | d2e7 f87f | 0000 ffd0 | 498b e44c 
  0x000001f47581d100: 8b3c 244c | 8b74 2408 | 4c8b 6c24 | 104c 8b64 | 2418 4c8b | 5c24 204c | 8b54 2428 | 4c8b 4c24 
  0x000001f47581d120: 304c 8b44 | 2438 488b | 7c24 4048 | 8b74 2448 | 488b 6c24 | 5048 8b5c | 2460 488b | 5424 6848 
  0x000001f47581d140: 8b4c 2470 | 488b 4424 | 7848 81c4 | 8000 0000 | 4d33 e448 | 8b5d e84c | 8b6b 084d | 8d6d 3849 
  0x000001f47581d160: 837f 0800 | 0f84 bb00 | 0000 e805 | 0000 00e9 | 9600 0000 | 488d 4424 | 084c 896d | c049 8bcf 
  0x000001f47581d180: c5f8 7749 | 89af b803 | 0000 4989 | 87a8 0300 | 0048 83ec | 2040 f6c4 | 0f0f 8419 | 0000 0048 
  0x000001f47581d1a0: 83ec 0848 | b840 7999 | e7f8 7f00 | 00ff d048 | 83c4 08e9 | 0c00 0000 | 48b8 4079 | 99e7 f87f 
  0x000001f47581d1c0: 0000 ffd0 | 4883 c420 | 49c7 87a8 | 0300 0000 | 0000 0049 | c787 b803 | 0000 0000 | 0000 49c7 
  0x000001f47581d1e0: 87b0 0300 | 0000 0000 | 00c5 f877 | 4983 7f08 | 000f 8405 | 0000 00e9 | c43c ffff | 4c8b 6dc0 
  0x000001f47581d200: 4c8b 75c8 | 4e8d 74f5 | 00c3 48b9 | 08ec f8e7 | f87f 0000 | 4883 e4f0 | 48b8 30a8 | bfe7 f87f 
  0x000001f47581d220: 0000 ffd0 | f444 8b5b | 2841 f6c3 | 200f 8472 | 0100 0048 | 8d55 a84c | 8b5a 084d | 85db 0f85 
  0x000001f47581d240: bb00 0000 | e805 0000 | 00e9 9600 | 0000 488d | 4424 084c | 896d c049 | 8bcf c5f8 | 7749 89af 
  0x000001f47581d260: b803 0000 | 4989 87a8 | 0300 0048 | 83ec 2040 | f6c4 0f0f | 8419 0000 | 0048 83ec | 0848 b870 
  0x000001f47581d280: 7899 e7f8 | 7f00 00ff | d048 83c4 | 08e9 0c00 | 0000 48b8 | 7078 99e7 | f87f 0000 | ffd0 4883 
  0x000001f47581d2a0: c420 49c7 | 87a8 0300 | 0000 0000 | 0049 c787 | b803 0000 | 0000 0000 | 49c7 87b0 | 0300 0000 
  0x000001f47581d2c0: 0000 00c5 | f877 4983 | 7f08 000f | 8405 0000 | 00e9 ea3b | ffff 4c8b | 6dc0 4c8b | 75c8 4e8d 
  0x000001f47581d2e0: 74f5 00c3 | 48b9 08ec | f8e7 f87f | 0000 4883 | e4f0 48b8 | 30a8 bfe7 | f87f 0000 | ffd0 f44c 
  0x000001f47581d300: 896d c04c | 8b4a 0848 | c742 0800 | 0000 0045 | 8b87 5806 | 0000 4f3b | 4c07 f80f | 8542 0000 
  0x000001f47581d320: 0041 83af | 5806 0000 | 084f 3b4c | 07f0 0f84 | 2a00 0000 | 498b 01a8 | 020f 8512 | 0000 004c 
  0x000001f47581d340: 8bc0 4983 | c801 f04d | 0fb1 010f | 840d 0000 | 0041 8387 | 5806 0000 | 08e9 0500 | 0000 e93e 
  0x000001f47581d360: 0000 004c | 894a 0848 | 8bca 4883 | ec20 40f6 | c40f 0f84 | 1900 0000 | 4883 ec08 | 48b8 904a 
  0x000001f47581d380: 99e7 f87f | 0000 ffd0 | 4883 c408 | e90c 0000 | 0048 b890 | 4a99 e7f8 | 7f00 00ff | d048 83c4 
  0x000001f47581d3a0: 204c 8b6d | c048 8b04 | 2448 83c4 | 10c5 fb10 | 0424 4883 | c410 4c8b | 5d18 41ff | d34c 8b5d 
  0x000001f47581d3c0: f8c9 5f49 | 8be3 ffe7 | ba00 0000 | 00e8 0500 | 0000 e996 | 0000 0048 | 8d44 2408 | 4c89 6dc0 
  0x000001f47581d3e0: 498b cfc5 | f877 4989 | afb8 0300 | 0049 8987 | a803 0000 | 4883 ec20 | 40f6 c40f | 0f84 1900 
  0x000001f47581d400: 0000 4883 | ec08 48b8 | 303f 99e7 | f87f 0000 | ffd0 4883 | c408 e90c | 0000 0048 | b830 3f99 
  0x000001f47581d420: e7f8 7f00 | 00ff d048 | 83c4 2049 | c787 a803 | 0000 0000 | 0000 49c7 | 87b8 0300 | 0000 0000 
  0x000001f47581d440: 0049 c787 | b003 0000 | 0000 0000 | c5f8 7749 | 837f 0800 | 0f84 0500 | 0000 e961 | 3aff ff4c 
  0x000001f47581d460: 8b6d c04c | 8b75 c84e | 8d74 f500 | c348 8b5d | e8e9 40f7 | ffff 6690 
[/MachCode]

---------------  P R O C E S S  ---------------

Threads class SMR info:
_java_thread_list=0x000001f44b10a730, length=11, elements={
0x000001f463743c10, 0x000001f47f01cb50, 0x000001f47f01d750, 0x000001f47f01f490,
0x000001f47f022250, 0x000001f47f024d90, 0x000001f47f028d80, 0x000001f47f031bf0,
0x000001f47f0387a0, 0x000001f44b12f160, 0x000001f44b1508e0
}

Java Threads: ( => current thread )
=>0x000001f463743c10 JavaThread "main"                              [_thread_in_native, id=16408, stack(0x000000da0c200000,0x000000da0c300000) (1024K)]
  0x000001f47f01cb50 JavaThread "Reference Handler"          daemon [_thread_blocked, id=13476, stack(0x000000da0ca00000,0x000000da0cb00000) (1024K)]
  0x000001f47f01d750 JavaThread "Finalizer"                  daemon [_thread_blocked, id=9940, stack(0x000000da0cb00000,0x000000da0cc00000) (1024K)]
  0x000001f47f01f490 JavaThread "Signal Dispatcher"          daemon [_thread_blocked, id=9492, stack(0x000000da0cc00000,0x000000da0cd00000) (1024K)]
  0x000001f47f022250 JavaThread "Attach Listener"            daemon [_thread_blocked, id=15108, stack(0x000000da0cd00000,0x000000da0ce00000) (1024K)]
  0x000001f47f024d90 JavaThread "Service Thread"             daemon [_thread_blocked, id=6632, stack(0x000000da0ce00000,0x000000da0cf00000) (1024K)]
  0x000001f47f028d80 JavaThread "Monitor Deflation Thread"   daemon [_thread_blocked, id=21756, stack(0x000000da0cf00000,0x000000da0d000000) (1024K)]
  0x000001f47f031bf0 JavaThread "C2 CompilerThread0"         daemon [_thread_blocked, id=20932, stack(0x000000da0d000000,0x000000da0d100000) (1024K)]
  0x000001f47f0387a0 JavaThread "C1 CompilerThread0"         daemon [_thread_blocked, id=8864, stack(0x000000da0d100000,0x000000da0d200000) (1024K)]
  0x000001f44b12f160 JavaThread "Notification Thread"        daemon [_thread_blocked, id=20040, stack(0x000000da0d200000,0x000000da0d300000) (1024K)]
  0x000001f44b1508e0 JavaThread "Common-Cleaner"             daemon [_thread_blocked, id=19532, stack(0x000000da0d300000,0x000000da0d400000) (1024K)]
Total: 11

Other Threads:
  0x000001f47f00d540 VMThread "VM Thread"                           [id=11948, stack(0x000000da0c900000,0x000000da0ca00000) (1024K)]
  0x000001f47f0000d0 WatcherThread "VM Periodic Task Thread"        [id=21280, stack(0x000000da0c800000,0x000000da0c900000) (1024K)]
  0x000001f465a99880 WorkerThread "GC Thread#0"                     [id=10800, stack(0x000000da0c300000,0x000000da0c400000) (1024K)]
  0x000001f44b194ae0 WorkerThread "GC Thread#1"                     [id=6696, stack(0x000000da0d400000,0x000000da0d500000) (1024K)]
  0x000001f44b192fc0 WorkerThread "GC Thread#2"                     [id=1480, stack(0x000000da0d500000,0x000000da0d600000) (1024K)]
  0x000001f44b193370 WorkerThread "GC Thread#3"                     [id=5112, stack(0x000000da0d600000,0x000000da0d700000) (1024K)]
  0x000001f44b193720 WorkerThread "GC Thread#4"                     [id=15776, stack(0x000000da0d700000,0x000000da0d800000) (1024K)]
  0x000001f44b193ad0 WorkerThread "GC Thread#5"                     [id=11772, stack(0x000000da0d800000,0x000000da0d900000) (1024K)]
  0x000001f465aae600 ConcurrentGCThread "G1 Main Marker"            [id=20272, stack(0x000000da0c400000,0x000000da0c500000) (1024K)]
  0x000001f465ab1e50 WorkerThread "G1 Conc#0"                       [id=10792, stack(0x000000da0c500000,0x000000da0c600000) (1024K)]
  0x000001f47eebd940 ConcurrentGCThread "G1 Refine#0"               [id=17976, stack(0x000000da0c600000,0x000000da0c700000) (1024K)]
  0x000001f47eebe3d0 ConcurrentGCThread "G1 Service"                [id=1096, stack(0x000000da0c700000,0x000000da0c800000) (1024K)]
Total: 12

Threads with active compile tasks:
Total: 0

VM state: not at safepoint (normal execution)

VM Mutex/Monitor currently owned by a thread: None

Heap address: 0x0000000702400000, size: 4060 MB, Compressed Oops mode: Zero based, Oop shift amount: 3

CDS archive(s) mapped at: [0x000001f406000000-0x000001f406d40000-0x000001f406d40000), size 13893632, SharedBaseAddress: 0x000001f406000000, ArchiveRelocationMode: 1.
Compressed class space mapped at: 0x000001f407000000-0x000001f447000000, reserved size: 1073741824
UseCompressedClassPointers 1, UseCompactObjectHeaders 0
Narrow klass pointer bits 32, Max shift 3
Narrow klass base: 0x000001f406000000, Narrow klass shift: 0
Encoding Range: [0x000001f406000000 - 0x000001f506000000), (4294967296 bytes)
Klass Range:    [0x000001f406000000 - 0x000001f447000000), (1090519040 bytes)
Klass ID Range:  [8 - 1090519033) (1090519025)

GC Precious Log:
 CardTable entry size: 512
 Card Set container configuration: InlinePtr #cards 4 size 8 Array Of Cards #cards 16 size 48 Howl #buckets 8 coarsen threshold 3686 Howl Bitmap #cards 512 size 80 coarsen threshold 460 Card regions per heap region 1 cards per card region 4096
 CPUs: 8 total, 8 available
 Memory: 16239M
 Large Page Support: Disabled
 NUMA Support: Disabled
 Compressed Oops: Enabled (Zero based)
 Heap Region Size: 2M
 Heap Min Capacity: 8M
 Heap Initial Capacity: 254M
 Heap Max Capacity: 4060M
 Pre-touch: Disabled
 Parallel Workers: 8
 Concurrent Workers: 2
 Concurrent Refinement Workers: 8
 Periodic GC: Disabled

Heap:
 garbage-first heap   total reserved 4157440K, committed 262144K, used 132877K [0x0000000702400000, 0x0000000800000000)
  region size 2048K, 2 young (4096K), 1 survivors (2048K)
 Metaspace       used 862K, committed 960K, reserved 1114112K
  class space    used 64K, committed 128K, reserved 1048576K

Heap Regions: E=young(eden), S=young(survivor), O=old, HS=humongous(starts), HC=humongous(continues), CS=collection set, F=free, TAMS=top-at-mark-start, PB=parsable bottom
|   0|0x0000000702400000, 0x0000000702600000, 0x0000000702600000|100%|HS|  |TAMS 0x0000000702400000| PB 0x0000000702400000| Complete |  0
|   1|0x0000000702600000, 0x0000000702800000, 0x0000000702800000|100%|HC|  |TAMS 0x0000000702600000| PB 0x0000000702600000| Complete |  0
|   2|0x0000000702800000, 0x0000000702a00000, 0x0000000702a00000|100%|HC|  |TAMS 0x0000000702800000| PB 0x0000000702800000| Complete |  0
|   3|0x0000000702a00000, 0x0000000702c00000, 0x0000000702c00000|100%|HC|  |TAMS 0x0000000702a00000| PB 0x0000000702a00000| Complete |  0
|   4|0x0000000702c00000, 0x0000000702e00000, 0x0000000702e00000|100%|HC|  |TAMS 0x0000000702c00000| PB 0x0000000702c00000| Complete |  0
|   5|0x0000000702e00000, 0x0000000703000000, 0x0000000703000000|100%|HC|  |TAMS 0x0000000702e00000| PB 0x0000000702e00000| Complete |  0
|   6|0x0000000703000000, 0x0000000703200000, 0x0000000703200000|100%|HC|  |TAMS 0x0000000703000000| PB 0x0000000703000000| Complete |  0
|   7|0x0000000703200000, 0x0000000703400000, 0x0000000703400000|100%|HC|  |TAMS 0x0000000703200000| PB 0x0000000703200000| Complete |  0
|   8|0x0000000703400000, 0x0000000703600000, 0x0000000703600000|100%|HC|  |TAMS 0x0000000703400000| PB 0x0000000703400000| Complete |  0
|   9|0x0000000703600000, 0x0000000703800000, 0x0000000703800000|100%|HC|  |TAMS 0x0000000703600000| PB 0x0000000703600000| Complete |  0
|  10|0x0000000703800000, 0x0000000703a00000, 0x0000000703a00000|100%|HC|  |TAMS 0x0000000703800000| PB 0x0000000703800000| Complete |  0
|  11|0x0000000703a00000, 0x0000000703c00000, 0x0000000703c00000|100%|HC|  |TAMS 0x0000000703a00000| PB 0x0000000703a00000| Complete |  0
|  12|0x0000000703c00000, 0x0000000703e00000, 0x0000000703e00000|100%|HC|  |TAMS 0x0000000703c00000| PB 0x0000000703c00000| Complete |  0
|  13|0x0000000703e00000, 0x0000000704000000, 0x0000000704000000|100%|HC|  |TAMS 0x0000000703e00000| PB 0x0000000703e00000| Complete |  0
|  14|0x0000000704000000, 0x0000000704200000, 0x0000000704200000|100%|HC|  |TAMS 0x0000000704000000| PB 0x0000000704000000| Complete |  0
|  15|0x0000000704200000, 0x0000000704400000, 0x0000000704400000|100%|HC|  |TAMS 0x0000000704200000| PB 0x0000000704200000| Complete |  0
|  16|0x0000000704400000, 0x0000000704600000, 0x0000000704600000|100%|HC|  |TAMS 0x0000000704400000| PB 0x0000000704400000| Complete |  0
|  17|0x0000000704600000, 0x0000000704800000, 0x0000000704800000|100%|HC|  |TAMS 0x0000000704600000| PB 0x0000000704600000| Complete |  0
|  18|0x0000000704800000, 0x0000000704a00000, 0x0000000704a00000|100%|HC|  |TAMS 0x0000000704800000| PB 0x0000000704800000| Complete |  0
|  19|0x0000000704a00000, 0x0000000704c00000, 0x0000000704c00000|100%|HC|  |TAMS 0x0000000704a00000| PB 0x0000000704a00000| Complete |  0
|  20|0x0000000704c00000, 0x0000000704e00000, 0x0000000704e00000|100%|HC|  |TAMS 0x0000000704c00000| PB 0x0000000704c00000| Complete |  0
|  21|0x0000000704e00000, 0x0000000705000000, 0x0000000705000000|100%|HC|  |TAMS 0x0000000704e00000| PB 0x0000000704e00000| Complete |  0
|  22|0x0000000705000000, 0x0000000705200000, 0x0000000705200000|100%|HC|  |TAMS 0x0000000705000000| PB 0x0000000705000000| Complete |  0
|  23|0x0000000705200000, 0x0000000705400000, 0x0000000705400000|100%|HC|  |TAMS 0x0000000705200000| PB 0x0000000705200000| Complete |  0
|  24|0x0000000705400000, 0x0000000705600000, 0x0000000705600000|100%|HC|  |TAMS 0x0000000705400000| PB 0x0000000705400000| Complete |  0
|  25|0x0000000705600000, 0x0000000705800000, 0x0000000705800000|100%|HC|  |TAMS 0x0000000705600000| PB 0x0000000705600000| Complete |  0
|  26|0x0000000705800000, 0x0000000705a00000, 0x0000000705a00000|100%|HC|  |TAMS 0x0000000705800000| PB 0x0000000705800000| Complete |  0
|  27|0x0000000705a00000, 0x0000000705c00000, 0x0000000705c00000|100%|HC|  |TAMS 0x0000000705a00000| PB 0x0000000705a00000| Complete |  0
|  28|0x0000000705c00000, 0x0000000705e00000, 0x0000000705e00000|100%|HC|  |TAMS 0x0000000705c00000| PB 0x0000000705c00000| Complete |  0
|  29|0x0000000705e00000, 0x0000000706000000, 0x0000000706000000|100%|HC|  |TAMS 0x0000000705e00000| PB 0x0000000705e00000| Complete |  0
|  30|0x0000000706000000, 0x0000000706200000, 0x0000000706200000|100%|HC|  |TAMS 0x0000000706000000| PB 0x0000000706000000| Complete |  0
|  31|0x0000000706200000, 0x0000000706400000, 0x0000000706400000|100%|HC|  |TAMS 0x0000000706200000| PB 0x0000000706200000| Complete |  0
|  32|0x0000000706400000, 0x0000000706600000, 0x0000000706600000|100%|HS|  |TAMS 0x0000000706400000| PB 0x0000000706400000| Complete |  0
|  33|0x0000000706600000, 0x0000000706800000, 0x0000000706800000|100%|HC|  |TAMS 0x0000000706600000| PB 0x0000000706600000| Complete |  0
|  34|0x0000000706800000, 0x0000000706a00000, 0x0000000706a00000|100%|HC|  |TAMS 0x0000000706800000| PB 0x0000000706800000| Complete |  0
|  35|0x0000000706a00000, 0x0000000706c00000, 0x0000000706c00000|100%|HC|  |TAMS 0x0000000706a00000| PB 0x0000000706a00000| Complete |  0
|  36|0x0000000706c00000, 0x0000000706e00000, 0x0000000706e00000|100%|HC|  |TAMS 0x0000000706c00000| PB 0x0000000706c00000| Complete |  0
|  37|0x0000000706e00000, 0x0000000707000000, 0x0000000707000000|100%|HC|  |TAMS 0x0000000706e00000| PB 0x0000000706e00000| Complete |  0
|  38|0x0000000707000000, 0x0000000707200000, 0x0000000707200000|100%|HC|  |TAMS 0x0000000707000000| PB 0x0000000707000000| Complete |  0
|  39|0x0000000707200000, 0x0000000707400000, 0x0000000707400000|100%|HC|  |TAMS 0x0000000707200000| PB 0x0000000707200000| Complete |  0
|  40|0x0000000707400000, 0x0000000707600000, 0x0000000707600000|100%|HC|  |TAMS 0x0000000707400000| PB 0x0000000707400000| Complete |  0
|  41|0x0000000707600000, 0x0000000707800000, 0x0000000707800000|100%|HC|  |TAMS 0x0000000707600000| PB 0x0000000707600000| Complete |  0
|  42|0x0000000707800000, 0x0000000707a00000, 0x0000000707a00000|100%|HC|  |TAMS 0x0000000707800000| PB 0x0000000707800000| Complete |  0
|  43|0x0000000707a00000, 0x0000000707c00000, 0x0000000707c00000|100%|HC|  |TAMS 0x0000000707a00000| PB 0x0000000707a00000| Complete |  0
|  44|0x0000000707c00000, 0x0000000707e00000, 0x0000000707e00000|100%|HC|  |TAMS 0x0000000707c00000| PB 0x0000000707c00000| Complete |  0
|  45|0x0000000707e00000, 0x0000000708000000, 0x0000000708000000|100%|HC|  |TAMS 0x0000000707e00000| PB 0x0000000707e00000| Complete |  0
|  46|0x0000000708000000, 0x0000000708200000, 0x0000000708200000|100%|HC|  |TAMS 0x0000000708000000| PB 0x0000000708000000| Complete |  0
|  47|0x0000000708200000, 0x0000000708400000, 0x0000000708400000|100%|HC|  |TAMS 0x0000000708200000| PB 0x0000000708200000| Complete |  0
|  48|0x0000000708400000, 0x0000000708600000, 0x0000000708600000|100%|HC|  |TAMS 0x0000000708400000| PB 0x0000000708400000| Complete |  0
|  49|0x0000000708600000, 0x0000000708800000, 0x0000000708800000|100%|HC|  |TAMS 0x0000000708600000| PB 0x0000000708600000| Complete |  0
|  50|0x0000000708800000, 0x0000000708a00000, 0x0000000708a00000|100%|HC|  |TAMS 0x0000000708800000| PB 0x0000000708800000| Complete |  0
|  51|0x0000000708a00000, 0x0000000708c00000, 0x0000000708c00000|100%|HC|  |TAMS 0x0000000708a00000| PB 0x0000000708a00000| Complete |  0
|  52|0x0000000708c00000, 0x0000000708e00000, 0x0000000708e00000|100%|HC|  |TAMS 0x0000000708c00000| PB 0x0000000708c00000| Complete |  0
|  53|0x0000000708e00000, 0x0000000709000000, 0x0000000709000000|100%|HC|  |TAMS 0x0000000708e00000| PB 0x0000000708e00000| Complete |  0
|  54|0x0000000709000000, 0x0000000709200000, 0x0000000709200000|100%|HC|  |TAMS 0x0000000709000000| PB 0x0000000709000000| Complete |  0
|  55|0x0000000709200000, 0x0000000709400000, 0x0000000709400000|100%|HC|  |TAMS 0x0000000709200000| PB 0x0000000709200000| Complete |  0
|  56|0x0000000709400000, 0x0000000709600000, 0x0000000709600000|100%|HC|  |TAMS 0x0000000709400000| PB 0x0000000709400000| Complete |  0
|  57|0x0000000709600000, 0x0000000709800000, 0x0000000709800000|100%|HC|  |TAMS 0x0000000709600000| PB 0x0000000709600000| Complete |  0
|  58|0x0000000709800000, 0x0000000709a00000, 0x0000000709a00000|100%|HC|  |TAMS 0x0000000709800000| PB 0x0000000709800000| Complete |  0
|  59|0x0000000709a00000, 0x0000000709c00000, 0x0000000709c00000|100%|HC|  |TAMS 0x0000000709a00000| PB 0x0000000709a00000| Complete |  0
|  60|0x0000000709c00000, 0x0000000709e00000, 0x0000000709e00000|100%|HC|  |TAMS 0x0000000709c00000| PB 0x0000000709c00000| Complete |  0
|  61|0x0000000709e00000, 0x000000070a000000, 0x000000070a000000|100%|HC|  |TAMS 0x0000000709e00000| PB 0x0000000709e00000| Complete |  0
|  62|0x000000070a000000, 0x000000070a200000, 0x000000070a200000|100%|HC|  |TAMS 0x000000070a000000| PB 0x000000070a000000| Complete |  0
|  63|0x000000070a200000, 0x000000070a400000, 0x000000070a400000|100%|HC|  |TAMS 0x000000070a200000| PB 0x000000070a200000| Complete |  0
|  64|0x000000070a400000, 0x000000070a400000, 0x000000070a600000|  0%| F|  |TAMS 0x000000070a400000| PB 0x000000070a400000| Untracked |  0
|  65|0x000000070a600000, 0x000000070a600000, 0x000000070a800000|  0%| F|  |TAMS 0x000000070a600000| PB 0x000000070a600000| Untracked |  0
|  66|0x000000070a800000, 0x000000070a800000, 0x000000070aa00000|  0%| F|  |TAMS 0x000000070a800000| PB 0x000000070a800000| Untracked |  0
|  67|0x000000070aa00000, 0x000000070aa00000, 0x000000070ac00000|  0%| F|  |TAMS 0x000000070aa00000| PB 0x000000070aa00000| Untracked |  0
|  68|0x000000070ac00000, 0x000000070ac00000, 0x000000070ae00000|  0%| F|  |TAMS 0x000000070ac00000| PB 0x000000070ac00000| Untracked |  0
|  69|0x000000070ae00000, 0x000000070ae00000, 0x000000070b000000|  0%| F|  |TAMS 0x000000070ae00000| PB 0x000000070ae00000| Untracked |  0
|  70|0x000000070b000000, 0x000000070b000000, 0x000000070b200000|  0%| F|  |TAMS 0x000000070b000000| PB 0x000000070b000000| Untracked |  0
|  71|0x000000070b200000, 0x000000070b200000, 0x000000070b400000|  0%| F|  |TAMS 0x000000070b200000| PB 0x000000070b200000| Untracked |  0
|  72|0x000000070b400000, 0x000000070b400000, 0x000000070b600000|  0%| F|  |TAMS 0x000000070b400000| PB 0x000000070b400000| Untracked |  0
|  73|0x000000070b600000, 0x000000070b600000, 0x000000070b800000|  0%| F|  |TAMS 0x000000070b600000| PB 0x000000070b600000| Untracked |  0
|  74|0x000000070b800000, 0x000000070b800000, 0x000000070ba00000|  0%| F|  |TAMS 0x000000070b800000| PB 0x000000070b800000| Untracked |  0
|  75|0x000000070ba00000, 0x000000070ba00000, 0x000000070bc00000|  0%| F|  |TAMS 0x000000070ba00000| PB 0x000000070ba00000| Untracked |  0
|  76|0x000000070bc00000, 0x000000070bc00000, 0x000000070be00000|  0%| F|  |TAMS 0x000000070bc00000| PB 0x000000070bc00000| Untracked |  0
|  77|0x000000070be00000, 0x000000070be00000, 0x000000070c000000|  0%| F|  |TAMS 0x000000070be00000| PB 0x000000070be00000| Untracked |  0
|  78|0x000000070c000000, 0x000000070c000000, 0x000000070c200000|  0%| F|  |TAMS 0x000000070c000000| PB 0x000000070c000000| Untracked |  0
|  79|0x000000070c200000, 0x000000070c200000, 0x000000070c400000|  0%| F|  |TAMS 0x000000070c200000| PB 0x000000070c200000| Untracked |  0
|  80|0x000000070c400000, 0x000000070c400000, 0x000000070c600000|  0%| F|  |TAMS 0x000000070c400000| PB 0x000000070c400000| Untracked |  0
|  81|0x000000070c600000, 0x000000070c600000, 0x000000070c800000|  0%| F|  |TAMS 0x000000070c600000| PB 0x000000070c600000| Untracked |  0
|  82|0x000000070c800000, 0x000000070c800000, 0x000000070ca00000|  0%| F|  |TAMS 0x000000070c800000| PB 0x000000070c800000| Untracked |  0
|  83|0x000000070ca00000, 0x000000070ca00000, 0x000000070cc00000|  0%| F|  |TAMS 0x000000070ca00000| PB 0x000000070ca00000| Untracked |  0
|  84|0x000000070cc00000, 0x000000070cc00000, 0x000000070ce00000|  0%| F|  |TAMS 0x000000070cc00000| PB 0x000000070cc00000| Untracked |  0
|  85|0x000000070ce00000, 0x000000070ce00000, 0x000000070d000000|  0%| F|  |TAMS 0x000000070ce00000| PB 0x000000070ce00000| Untracked |  0
|  86|0x000000070d000000, 0x000000070d000000, 0x000000070d200000|  0%| F|  |TAMS 0x000000070d000000| PB 0x000000070d000000| Untracked |  0
|  87|0x000000070d200000, 0x000000070d200000, 0x000000070d400000|  0%| F|  |TAMS 0x000000070d200000| PB 0x000000070d200000| Untracked |  0
|  88|0x000000070d400000, 0x000000070d400000, 0x000000070d600000|  0%| F|  |TAMS 0x000000070d400000| PB 0x000000070d400000| Untracked |  0
|  89|0x000000070d600000, 0x000000070d600000, 0x000000070d800000|  0%| F|  |TAMS 0x000000070d600000| PB 0x000000070d600000| Untracked |  0
|  90|0x000000070d800000, 0x000000070d800000, 0x000000070da00000|  0%| F|  |TAMS 0x000000070d800000| PB 0x000000070d800000| Untracked |  0
|  91|0x000000070da00000, 0x000000070da00000, 0x000000070dc00000|  0%| F|  |TAMS 0x000000070da00000| PB 0x000000070da00000| Untracked |  0
|  92|0x000000070dc00000, 0x000000070dc00000, 0x000000070de00000|  0%| F|  |TAMS 0x000000070dc00000| PB 0x000000070dc00000| Untracked |  0
|  93|0x000000070de00000, 0x000000070de00000, 0x000000070e000000|  0%| F|  |TAMS 0x000000070de00000| PB 0x000000070de00000| Untracked |  0
|  94|0x000000070e000000, 0x000000070e000000, 0x000000070e200000|  0%| F|  |TAMS 0x000000070e000000| PB 0x000000070e000000| Untracked |  0
|  95|0x000000070e200000, 0x000000070e200000, 0x000000070e400000|  0%| F|  |TAMS 0x000000070e200000| PB 0x000000070e200000| Untracked |  0
|  96|0x000000070e400000, 0x000000070e400000, 0x000000070e600000|  0%| F|  |TAMS 0x000000070e400000| PB 0x000000070e400000| Untracked |  0
|  97|0x000000070e600000, 0x000000070e600000, 0x000000070e800000|  0%| F|  |TAMS 0x000000070e600000| PB 0x000000070e600000| Untracked |  0
|  98|0x000000070e800000, 0x000000070e800000, 0x000000070ea00000|  0%| F|  |TAMS 0x000000070e800000| PB 0x000000070e800000| Untracked |  0
|  99|0x000000070ea00000, 0x000000070ea00000, 0x000000070ec00000|  0%| F|  |TAMS 0x000000070ea00000| PB 0x000000070ea00000| Untracked |  0
| 100|0x000000070ec00000, 0x000000070ec00000, 0x000000070ee00000|  0%| F|  |TAMS 0x000000070ec00000| PB 0x000000070ec00000| Untracked |  0
| 101|0x000000070ee00000, 0x000000070ee00000, 0x000000070f000000|  0%| F|  |TAMS 0x000000070ee00000| PB 0x000000070ee00000| Untracked |  0
| 102|0x000000070f000000, 0x000000070f000000, 0x000000070f200000|  0%| F|  |TAMS 0x000000070f000000| PB 0x000000070f000000| Untracked |  0
| 103|0x000000070f200000, 0x000000070f200000, 0x000000070f400000|  0%| F|  |TAMS 0x000000070f200000| PB 0x000000070f200000| Untracked |  0
| 104|0x000000070f400000, 0x000000070f400000, 0x000000070f600000|  0%| F|  |TAMS 0x000000070f400000| PB 0x000000070f400000| Untracked |  0
| 105|0x000000070f600000, 0x000000070f600000, 0x000000070f800000|  0%| F|  |TAMS 0x000000070f600000| PB 0x000000070f600000| Untracked |  0
| 106|0x000000070f800000, 0x000000070f800000, 0x000000070fa00000|  0%| F|  |TAMS 0x000000070f800000| PB 0x000000070f800000| Untracked |  0
| 107|0x000000070fa00000, 0x000000070fa00000, 0x000000070fc00000|  0%| F|  |TAMS 0x000000070fa00000| PB 0x000000070fa00000| Untracked |  0
| 108|0x000000070fc00000, 0x000000070fc00000, 0x000000070fe00000|  0%| F|  |TAMS 0x000000070fc00000| PB 0x000000070fc00000| Untracked |  0
| 109|0x000000070fe00000, 0x000000070fe00000, 0x0000000710000000|  0%| F|  |TAMS 0x000000070fe00000| PB 0x000000070fe00000| Untracked |  0
| 110|0x0000000710000000, 0x0000000710000000, 0x0000000710200000|  0%| F|  |TAMS 0x0000000710000000| PB 0x0000000710000000| Untracked |  0
| 111|0x0000000710200000, 0x0000000710200000, 0x0000000710400000|  0%| F|  |TAMS 0x0000000710200000| PB 0x0000000710200000| Untracked |  0
| 112|0x0000000710400000, 0x0000000710400000, 0x0000000710600000|  0%| F|  |TAMS 0x0000000710400000| PB 0x0000000710400000| Untracked |  0
| 113|0x0000000710600000, 0x0000000710600000, 0x0000000710800000|  0%| F|  |TAMS 0x0000000710600000| PB 0x0000000710600000| Untracked |  0
| 114|0x0000000710800000, 0x0000000710800000, 0x0000000710a00000|  0%| F|  |TAMS 0x0000000710800000| PB 0x0000000710800000| Untracked |  0
| 115|0x0000000710a00000, 0x0000000710a00000, 0x0000000710c00000|  0%| F|  |TAMS 0x0000000710a00000| PB 0x0000000710a00000| Untracked |  0
| 116|0x0000000710c00000, 0x0000000710c00000, 0x0000000710e00000|  0%| F|  |TAMS 0x0000000710c00000| PB 0x0000000710c00000| Untracked |  0
| 117|0x0000000710e00000, 0x0000000710e00000, 0x0000000711000000|  0%| F|  |TAMS 0x0000000710e00000| PB 0x0000000710e00000| Untracked |  0
| 118|0x0000000711000000, 0x0000000711000000, 0x0000000711200000|  0%| F|  |TAMS 0x0000000711000000| PB 0x0000000711000000| Untracked |  0
| 119|0x0000000711200000, 0x0000000711200000, 0x0000000711400000|  0%| F|  |TAMS 0x0000000711200000| PB 0x0000000711200000| Untracked |  0
| 120|0x0000000711400000, 0x0000000711400000, 0x0000000711600000|  0%| F|  |TAMS 0x0000000711400000| PB 0x0000000711400000| Untracked |  0
| 121|0x0000000711600000, 0x0000000711600000, 0x0000000711800000|  0%| F|  |TAMS 0x0000000711600000| PB 0x0000000711600000| Untracked |  0
| 122|0x0000000711800000, 0x0000000711800000, 0x0000000711a00000|  0%| F|  |TAMS 0x0000000711800000| PB 0x0000000711800000| Untracked |  0
| 123|0x0000000711a00000, 0x0000000711a00000, 0x0000000711c00000|  0%| F|  |TAMS 0x0000000711a00000| PB 0x0000000711a00000| Untracked |  0
| 124|0x0000000711c00000, 0x0000000711ca6398, 0x0000000711e00000| 32%| S|CS|TAMS 0x0000000711c00000| PB 0x0000000711c00000| Complete |  0
| 125|0x0000000711e00000, 0x0000000711e00000, 0x0000000712000000|  0%| F|  |TAMS 0x0000000711e00000| PB 0x0000000711e00000| Untracked |  0
| 126|0x0000000712000000, 0x00000007120eb868, 0x0000000712200000| 46%| E|  |TAMS 0x0000000712000000| PB 0x0000000712000000| Complete |  0
|2029|0x00000007ffe00000, 0x00000007fff1d1c0, 0x0000000800000000| 55%| O|  |TAMS 0x00000007ffe00000| PB 0x00000007ffe00000| Untracked |  0

Card table byte_map: [0x000001f47de00000,0x000001f47e5f0000] _byte_map_base: 0x000001f47a5ee000

Marking Bits: (CMBitMap*) 0x000001f465a99f90
 Bits: [0x000001f400000000, 0x000001f403f70000)

Polling page: 0x000001f4638b0000

Metaspace:

Usage:
  Non-class:    797.66 KB used.
      Class:     64.82 KB used.
       Both:    862.48 KB used.

Virtual space:
  Non-class space:       64.00 MB reserved,     832.00 KB (  1%) committed,  1 nodes.
      Class space:        1.00 GB reserved,     128.00 KB ( <1%) committed,  1 nodes.
             Both:        1.06 GB reserved,     960.00 KB ( <1%) committed. 

Chunk freelists:
   Non-Class:  11.95 MB
       Class:  15.74 MB
        Both:  27.69 MB

MaxMetaspaceSize: unlimited
CompressedClassSpaceSize: 1.00 GB
Initial GC threshold: 21.00 MB
Current GC threshold: 21.00 MB
CDS: on
 - commit_granule_bytes: 65536.
 - commit_granule_words: 8192.
 - virtual_space_node_default_size: 8388608.
 - enlarge_chunks_in_place: 1.
UseCompressedClassPointers 1, UseCompactObjectHeaders 0
Narrow klass pointer bits 32, Max shift 3
Narrow klass base: 0x000001f406000000, Narrow klass shift: 0
Encoding Range: [0x000001f406000000 - 0x000001f506000000), (4294967296 bytes)
Klass Range:    [0x000001f406000000 - 0x000001f447000000), (1090519040 bytes)
Klass ID Range:  [8 - 1090519033) (1090519025)


Internal statistics:

num_allocs_failed_limit: 0.
num_arena_births: 12.
num_arena_deaths: 0.
num_vsnodes_births: 2.
num_vsnodes_deaths: 0.
num_space_committed: 15.
num_space_uncommitted: 0.
num_chunks_returned_to_freelist: 0.
num_chunks_taken_from_freelist: 16.
num_chunk_merges: 0.
num_chunk_splits: 9.
num_chunks_enlarged: 4.
num_inconsistent_stats: 0.

CodeHeap 'non-profiled nmethods': size=120064Kb used=59Kb max_used=59Kb free=120005Kb
 bounds [0x000001f475da0000, 0x000001f476010000, 0x000001f47d2e0000]
CodeHeap 'profiled nmethods': size=120000Kb used=147Kb max_used=147Kb free=119852Kb
 bounds [0x000001f46e2e0000, 0x000001f46e550000, 0x000001f475810000]
CodeHeap 'non-nmethods': size=5696Kb used=1245Kb max_used=1260Kb free=4450Kb
 bounds [0x000001f475810000, 0x000001f475a80000, 0x000001f475da0000]
CodeCache: size=245760Kb, used=1451Kb, max_used=1466Kb, free=244307Kb
 total_blobs=594, nmethods=181, adapters=319, full_count=0
Compilation: enabled, stopped_count=0, restarted_count=0

Compilation events (20 events):
Event: 0.136 Thread 0x000001f47f0387a0 nmethod 171 0x000001f46e302788 code [0x000001f46e3028a0, 0x000001f46e302a60]
Event: 0.136 Thread 0x000001f47f031bf0 nmethod 170 0x000001f475dada08 code [0x000001f475dadb00, 0x000001f475dadb78]
Event: 0.137 Thread 0x000001f47f031bf0  172       4       java.lang.String::hashCode (60 bytes)
Event: 0.137 Thread 0x000001f47f0387a0  173       3       java.util.HashMap::getNode (150 bytes)
Event: 0.137 Thread 0x000001f47f0387a0 nmethod 173 0x000001f46e302a88 code [0x000001f46e302c40, 0x000001f46e303708]
Event: 0.137 Thread 0x000001f47f0387a0  174       3       java.lang.StringUTF16::getChar (60 bytes)
Event: 0.137 Thread 0x000001f47f0387a0 nmethod 174 0x000001f46e303788 code [0x000001f46e3038a0, 0x000001f46e303a10]
Event: 0.138 Thread 0x000001f47f031bf0 nmethod 172 0x000001f475dadd08 code [0x000001f475dade20, 0x000001f475dae168]
Event: 0.138 Thread 0x000001f47f031bf0  175       4       java.lang.StringUTF16::getChar (60 bytes)
Event: 0.138 Thread 0x000001f47f031bf0 nmethod 175 0x000001f475dae208 code [0x000001f475dae300, 0x000001f475dae3f0]
Event: 0.139 Thread 0x000001f47f0387a0  176       3       java.lang.String::indexOf (41 bytes)
Event: 0.139 Thread 0x000001f47f0387a0 nmethod 176 0x000001f46e303a88 code [0x000001f46e303c00, 0x000001f46e304268]
Event: 0.139 Thread 0x000001f47f0387a0  177       3       sun.nio.fs.WindowsPathParser::isSlash (18 bytes)
Event: 0.139 Thread 0x000001f47f0387a0 nmethod 177 0x000001f46e304308 code [0x000001f46e304420, 0x000001f46e304580]
Event: 0.141 Thread 0x000001f47f0387a0  179       3       jdk.internal.util.Preconditions::checkFromIndexSize (25 bytes)
Event: 0.141 Thread 0x000001f47f0387a0 nmethod 179 0x000001f46e304608 code [0x000001f46e304720, 0x000001f46e3048b8]
Event: 0.214 Thread 0x000001f47f0387a0  180       3       java.lang.StringCoding::countPositives (33 bytes)
Event: 0.215 Thread 0x000001f47f0387a0 nmethod 180 0x000001f46e304908 code [0x000001f46e304a20, 0x000001f46e304c28]
Event: 0.216 Thread 0x000001f47f031bf0  181 %     4       java.lang.StringCoding::countPositives @ 7 (33 bytes)
Event: 0.220 Thread 0x000001f47f031bf0 nmethod 181% 0x000001f475dae808 code [0x000001f475dae920, 0x000001f475daebe0]

GC Heap History (2 events):
Event: 0.241 GC heap before
{Heap before GC invocations=0 (full 0):
 garbage-first heap   total reserved 4157440K, committed 262144K, used 68724K [0x0000000702400000, 0x0000000800000000)
  region size 2048K, 2 young (4096K), 0 survivors (0K)
 Metaspace       used 862K, committed 960K, reserved 1114112K
  class space    used 64K, committed 128K, reserved 1048576K
}
Event: 0.244 GC heap after
{Heap after GC invocations=1 (full 0):
 garbage-first heap   total reserved 4157440K, committed 262144K, used 67341K [0x0000000702400000, 0x0000000800000000)
  region size 2048K, 1 young (2048K), 1 survivors (2048K)
 Metaspace       used 862K, committed 960K, reserved 1114112K
  class space    used 64K, committed 128K, reserved 1048576K
}

Dll operation events (9 events):
Event: 0.006 Loaded shared library C:\Program Files\Java\jdk-24\bin\java.dll
Event: 0.040 Loaded shared library C:\Program Files\Java\jdk-24\bin\jsvml.dll
Event: 0.051 Loaded shared library C:\Program Files\Java\jdk-24\bin\net.dll
Event: 0.052 Loaded shared library C:\Program Files\Java\jdk-24\bin\nio.dll
Event: 0.055 Loaded shared library C:\Program Files\Java\jdk-24\bin\zip.dll
Event: 0.104 Loaded shared library C:\Users\1\Documents\Practice-native\demo\aggregation.dll
Event: 0.105 Loaded shared library C:\Program Files\Java\jdk-24\bin\management.dll
Event: 0.107 Loaded shared library C:\Program Files\Java\jdk-24\bin\management_ext.dll
Event: 0.127 Loaded shared library C:\Program Files\Java\jdk-24\bin\jimage.dll

Deoptimization events (0 events):
No events

Classes loaded (20 events):
Event: 0.142 Loading class java/nio/channels/NetworkChannel
Event: 0.143 Loading class java/nio/channels/NetworkChannel done
Event: 0.143 Loading class java/nio/channels/spi/AbstractSelectableChannel
Event: 0.143 Loading class java/nio/channels/SelectableChannel
Event: 0.143 Loading class java/nio/channels/SelectableChannel done
Event: 0.143 Loading class java/nio/channels/spi/AbstractSelectableChannel done
Event: 0.143 Loading class java/nio/channels/SocketChannel done
Event: 0.143 Loading class sun/nio/ch/SocketChannelImpl done
Event: 0.143 Loading class sun/nio/ch/ChannelInputStream
Event: 0.143 Loading class sun/nio/ch/ChannelInputStream done
Event: 0.143 Loading class sun/nio/ch/NativeThread
Event: 0.143 Loading class sun/nio/ch/NativeThread done
Event: 0.143 Loading class sun/nio/ch/IOStatus
Event: 0.143 Loading class sun/nio/ch/IOStatus done
Event: 0.170 Loading class sun/nio/ch/Util
Event: 0.171 Loading class sun/nio/ch/Util done
Event: 0.171 Loading class sun/nio/ch/Util$1
Event: 0.171 Loading class sun/nio/ch/Util$1 done
Event: 0.171 Loading class sun/nio/ch/Util$BufferCache
Event: 0.171 Loading class sun/nio/ch/Util$BufferCache done

Classes unloaded (0 events):
No events

Classes redefined (0 events):
No events

Internal exceptions (1 events):
Event: 0.121 Thread 0x000001f463743c10 Exception <a 'java/lang/NoSuchMethodError'{0x00000007120a39f0}: 'int java.lang.invoke.DirectMethodHandle$Holder.invokeSpecial(java.lang.Object, java.lang.Object, java.lang.Object)'> (0x00000007120a39f0) 
thrown [s\open\src\hotspot\share\interpreter\linkResolver.cpp, line 805]

VM Operations (6 events):
Event: 0.055 Executing VM operation: HandshakeAllThreads (Deoptimize)
Event: 0.055 Executing VM operation: HandshakeAllThreads (Deoptimize) done
Event: 0.132 Executing VM operation: HandshakeAllThreads (Deoptimize)
Event: 0.132 Executing VM operation: HandshakeAllThreads (Deoptimize) done
Event: 0.241 Executing VM operation: G1TryInitiateConcMark (G1 Humongous Allocation)
Event: 0.244 Executing VM operation: G1TryInitiateConcMark (G1 Humongous Allocation) done

Memory protections (0 events):
No events

Nmethod flushes (0 events):
No events

Events (11 events):
Event: 0.022 Thread 0x000001f463743c10 Thread added: 0x000001f463743c10
Event: 0.035 Thread 0x000001f463743c10 Thread added: 0x000001f47f01cb50
Event: 0.036 Thread 0x000001f463743c10 Thread added: 0x000001f47f01d750
Event: 0.036 Thread 0x000001f463743c10 Thread added: 0x000001f47f01f490
Event: 0.037 Thread 0x000001f463743c10 Thread added: 0x000001f47f022250
Event: 0.037 Thread 0x000001f463743c10 Thread added: 0x000001f47f024d90
Event: 0.037 Thread 0x000001f463743c10 Thread added: 0x000001f47f028d80
Event: 0.038 Thread 0x000001f463743c10 Thread added: 0x000001f47f031bf0
Event: 0.038 Thread 0x000001f463743c10 Thread added: 0x000001f47f0387a0
Event: 0.047 Thread 0x000001f463743c10 Thread added: 0x000001f44b12f160
Event: 0.049 Thread 0x000001f463743c10 Thread added: 0x000001f44b1508e0


Dynamic libraries:
0x00007ff77d240000 - 0x00007ff77d250000 	C:\Program Files\Java\jdk-24\bin\java.exe
0x00007ff93b5b0000 - 0x00007ff93b7a8000 	C:\Windows\SYSTEM32\ntdll.dll
0x00007ff93a2d0000 - 0x00007ff93a392000 	C:\Windows\System32\KERNEL32.DLL
0x00007ff938cc0000 - 0x00007ff938fb6000 	C:\Windows\System32\KERNELBASE.dll
0x00007ff939070000 - 0x00007ff939170000 	C:\Windows\System32\ucrtbase.dll
0x00007ff934ee0000 - 0x00007ff934ef6000 	C:\Program Files\Java\jdk-24\bin\jli.dll
0x00007ff931a80000 - 0x00007ff931a9b000 	C:\Program Files\Java\jdk-24\bin\VCRUNTIME140.dll
0x00007ff922430000 - 0x00007ff9226ca000 	C:\Windows\WinSxS\amd64_microsoft.windows.common-controls_6595b64144ccf1df_6.0.19041.5915_none_60b4b9d171f9c7c7\COMCTL32.dll
0x00007ff93b1b0000 - 0x00007ff93b34d000 	C:\Windows\System32\USER32.dll
0x00007ff93a3a0000 - 0x00007ff93a43e000 	C:\Windows\System32\msvcrt.dll
0x00007ff9394d0000 - 0x00007ff9394f2000 	C:\Windows\System32\win32u.dll
0x00007ff9395a0000 - 0x00007ff9395cb000 	C:\Windows\System32\GDI32.dll
0x00007ff9391c0000 - 0x00007ff9392d9000 	C:\Windows\System32\gdi32full.dll
0x00007ff939500000 - 0x00007ff93959d000 	C:\Windows\System32\msvcp_win.dll
0x00007ff93a6c0000 - 0x00007ff93a6ef000 	C:\Windows\System32\IMM32.DLL
0x00007ff934cb0000 - 0x00007ff934cbc000 	C:\Program Files\Java\jdk-24\bin\vcruntime140_1.dll
0x00007ff8f64f0000 - 0x00007ff8f657e000 	C:\Program Files\Java\jdk-24\bin\msvcp140.dll
0x00007ff8e7580000 - 0x00007ff8e8322000 	C:\Program Files\Java\jdk-24\bin\server\jvm.dll
0x00007ff93b470000 - 0x00007ff93b521000 	C:\Windows\System32\ADVAPI32.dll
0x00007ff939630000 - 0x00007ff9396cf000 	C:\Windows\System32\sechost.dll
0x00007ff93a590000 - 0x00007ff93a6b3000 	C:\Windows\System32\RPCRT4.dll
0x00007ff938fc0000 - 0x00007ff938fe7000 	C:\Windows\System32\bcrypt.dll
0x00007ff93a520000 - 0x00007ff93a58b000 	C:\Windows\System32\WS2_32.dll
0x00007ff938150000 - 0x00007ff93819b000 	C:\Windows\SYSTEM32\POWRPROF.dll
0x00007ff926760000 - 0x00007ff926787000 	C:\Windows\SYSTEM32\WINMM.dll
0x00007ff930750000 - 0x00007ff93075a000 	C:\Windows\SYSTEM32\VERSION.dll
0x00007ff938010000 - 0x00007ff938022000 	C:\Windows\SYSTEM32\UMPDC.dll
0x00007ff937430000 - 0x00007ff937442000 	C:\Windows\SYSTEM32\kernel.appcore.dll
0x00007ff9338f0000 - 0x00007ff9338fa000 	C:\Program Files\Java\jdk-24\bin\jimage.dll
0x00007ff936800000 - 0x00007ff936a01000 	C:\Windows\SYSTEM32\DBGHELP.DLL
0x00007ff91f0f0000 - 0x00007ff91f124000 	C:\Windows\SYSTEM32\dbgcore.DLL
0x00007ff939440000 - 0x00007ff9394c2000 	C:\Windows\System32\bcryptPrimitives.dll
0x00007ff931a60000 - 0x00007ff931a7e000 	C:\Program Files\Java\jdk-24\bin\java.dll
0x00007ff93a180000 - 0x00007ff93a2ab000 	C:\Windows\System32\ole32.dll
0x00007ff939730000 - 0x00007ff939a83000 	C:\Windows\System32\combase.dll
0x00007ff93a990000 - 0x00007ff93b0fe000 	C:\Windows\System32\SHELL32.dll
0x00007ff936c70000 - 0x00007ff937414000 	C:\Windows\SYSTEM32\windows.storage.dll
0x00007ff938640000 - 0x00007ff93866b000 	C:\Windows\SYSTEM32\Wldp.dll
0x00007ff939c40000 - 0x00007ff939d0d000 	C:\Windows\System32\OLEAUT32.dll
0x00007ff93b100000 - 0x00007ff93b1ad000 	C:\Windows\System32\SHCORE.dll
0x00007ff93a850000 - 0x00007ff93a8ab000 	C:\Windows\System32\shlwapi.dll
0x00007ff938b40000 - 0x00007ff938b64000 	C:\Windows\SYSTEM32\profapi.dll
0x00007ff8f3760000 - 0x00007ff8f3837000 	C:\Program Files\Java\jdk-24\bin\jsvml.dll
0x00007ff931a50000 - 0x00007ff931a60000 	C:\Program Files\Java\jdk-24\bin\net.dll
0x00007ff9383a0000 - 0x00007ff93840a000 	C:\Windows\system32\mswsock.dll
0x00007ff92e3a0000 - 0x00007ff92e3b6000 	C:\Program Files\Java\jdk-24\bin\nio.dll
0x00007ff9185f0000 - 0x00007ff918607000 	C:\Program Files\Java\jdk-24\bin\zip.dll
0x00007ff8f6470000 - 0x00007ff8f64e3000 	C:\Users\1\Documents\Practice-native\demo\aggregation.dll
0x00007ff8fc000000 - 0x00007ff8fc02b000 	C:\msys64\mingw64\bin\libgcc_s_seh-1.dll
0x00007ff90ea90000 - 0x00007ff90eaa6000 	C:\msys64\mingw64\bin\libwinpthread-1.dll
0x00007ff8ebec0000 - 0x00007ff8ec116000 	C:\msys64\mingw64\bin\libstdc++-6.dll
0x00007ff938590000 - 0x00007ff93859c000 	C:\Windows\SYSTEM32\CRYPTBASE.DLL
0x00007ff931820000 - 0x00007ff93182a000 	C:\Program Files\Java\jdk-24\bin\management.dll
0x00007ff91dc50000 - 0x00007ff91dc5b000 	C:\Program Files\Java\jdk-24\bin\management_ext.dll
0x00007ff93a2c0000 - 0x00007ff93a2c8000 	C:\Windows\System32\PSAPI.DLL

JVMTI agents: none

dbghelp: loaded successfully - version: 4.0.5 - missing functions: none
symbol engine: initialized successfully - sym options: 0x614 - pdb path: .;C:\Program Files\Java\jdk-24\bin;C:\Windows\SYSTEM32;C:\Windows\WinSxS\amd64_microsoft.windows.common-controls_6595b64144ccf1df_6.0.19041.5915_none_60b4b9d171f9c7c7;C:\Program Files\Java\jdk-24\bin\server;C:\Users\1\Documents\Practice-native\demo;C:\msys64\mingw64\bin

VM Arguments:
jvm_args: --enable-native-access=ALL-UNNAMED 
java_command: C:\Users\1\Documents\Practice-native\demo\test.jar -a max -f number -g name -d C:\Users\1\Documents\Practice-native\nabor(group).json
java_class_path (initial): C:\Users\1\Documents\Practice-native\demo\test.jar
Launcher Type: SUN_STANDARD

[Global flags]
     intx CICompilerCount                          = 4                                         {product} {ergonomic}
     uint ConcGCThreads                            = 2                                         {product} {ergonomic}
     uint G1ConcRefinementThreads                  = 8                                         {product} {ergonomic}
   size_t G1HeapRegionSize                         = 2097152                                   {product} {ergonomic}
   size_t InitialHeapSize                          = 266338304                                 {product} {ergonomic}
   size_t MarkStackSize                            = 4194304                                   {product} {ergonomic}
   size_t MarkStackSizeMax                         = 536870912                                 {product} {ergonomic}
   size_t MaxHeapSize                              = 4257218560                                {product} {ergonomic}
   size_t MaxNewSize                               = 2554331136                                {product} {ergonomic}
   size_t MinHeapDeltaBytes                        = 2097152                                   {product} {ergonomic}
   size_t MinHeapSize                              = 8388608                                   {product} {ergonomic}
    uintx NonNMethodCodeHeapSize                   = 5832704                                {pd product} {ergonomic}
    uintx NonProfiledCodeHeapSize                  = 122945536                              {pd product} {ergonomic}
     bool PerfDisableSharedMem                     = true                                      {product} {ergonomic}
    uintx ProfiledCodeHeapSize                     = 122880000                              {pd product} {ergonomic}
    uintx ReservedCodeCacheSize                    = 251658240                              {pd product} {ergonomic}
     bool SegmentedCodeCache                       = true                                      {product} {ergonomic}
   size_t SoftMaxHeapSize                          = 4257218560                             {manageable} {ergonomic}
     bool UseCompressedOops                        = true                           {product lp64_product} {ergonomic}
     bool UseG1GC                                  = true                                      {product} {ergonomic}
     bool UseLargePagesIndividualAllocation        = false                                  {pd product} {ergonomic}

Logging:
Log output configuration:
 #0: stdout all=warning uptime,level,tags foldmultilines=false
 #1: stderr all=off uptime,level,tags foldmultilines=false

Environment Variables:
JAVA_HOME=C:\Program Files\Java\jdk-24
CLASSPATH=C:\Users\1\Documents\Practice-native\demo\libs\gson-2.10.1.jar;C:\Users\1\Documents\Practice-native\demo\libs\jackson-databind-2.15.2.jar;C:\Users\1\Documents\Practice-native\demo\libs\jackson-core-2.15.2.jar;C:\Users\1\Documents\Practice-native\demo\libs\jackson-annotations-2.15.2.jar
PATH=C:\msys64\mingw64\bin;C:\Program Files\Java\jdk-24\bin;C:\Program Files\Common Files\Oracle\Java\javapath;C:\Program Files (x86)\Common Files\Oracle\Java\java8path;C:\Program Files (x86)\Common Files\Oracle\Java\javapath;C:\Program Files\Microsoft MPI\Bin\;C:\Windows\system32;C:\Windows;C:\Windows\System32\Wbem;C:\Windows\System32\WindowsPowerShell\v1.0\;C:\Windows\System32\OpenSSH\;C:\Program Files (x86)\NVIDIA Corporation\PhysX\Common;C:\Program Files\dotnet\;C:\Program Files\Microsoft SQL Server\150\Tools\Binn\;C:\Program Files\Microsoft SQL Server\Client SDK\ODBC\170\Tools\Binn\;C:\Program Files (x86)\Windows Kits\10\Windows Performance Toolkit\;C:\Program Files (x86)\Microsoft SQL Server\160\Tools\Binn\;C:\Program Files\Microsoft SQL Server\160\Tools\Binn\;C:\Program Files\Microsoft SQL Server\160\DTS\Binn\;C:\Program Files\Git\cmd;C:\Program Files\Graphviz\bin;C:\Program Files\Java\jre1.8.0_451;C:\Program Files\Java\jdk-24\bin;C:\Program Files\Apache\Maven\apache-maven-3.9.10\bin;C:\Program Files\Java\jdk-24\include;C:\mingw64\bin;C:\Users\1\Documents\Practice-native\demo\src\main\native;C:\msys64\mingw64\bin;C:\msys64\mingw64\bin\ld.exe;C:\Users\1\AppData\Local\Microsoft\WindowsApps;C:\Users\1\.dotnet\tools;C:\Users\1\AppData\Local\Programs\Microsoft VS Code\bin
USERNAME= 
LANG=en_US.UTF-8
OS=Windows_NT
PROCESSOR_IDENTIFIER=Intel64 Family 6 Model 158 Stepping 10, GenuineIntel
TMP=C:\Users\1\AppData\Local\Temp
TEMP=C:\Users\1\AppData\Local\Temp




Periodic native trim disabled

---------------  S Y S T E M  ---------------

OS:
 Windows 10 , 64 bit Build 19041 (10.0.19041.5915)
OS uptime: 2 days 2:55 hours

CPU: total 8 (initial active 8) (4 cores per cpu, 2 threads per core) family 6 model 158 stepping 10 microcode 0xd2, cx8, cmov, fxsr, ht, mmx, 3dnowpref, sse, sse2, sse3, ssse3, sse4.1, sse4.2, popcnt, lzcnt, tsc, tscinvbit, avx, avx2, aes, erms, clmul, bmi1, bmi2, adx, fma, vzeroupper, clflush, clflushopt, rdtscp, f16c
Processor Information for the first 8 processors :
  Max Mhz: 2301, Current Mhz: 2301, Mhz Limit: 2301

Memory: 4k page, system-wide physical 16239M (3049M free)
TotalPageFile size 34740M (AvailPageFile size 5465M)
current process WorkingSet (physical memory assigned to process): 1219M, peak: 1219M
current process commit charge ("private bytes"): 1434M, peak: 1434M

vm_info: Java HotSpot(TM) 64-Bit Server VM (24.0.1+9-30) for windows-amd64 JRE (24.0.1+9-30), built on 2025-03-05T07:23:45Z with MS VC++ 17.6 (VS2022)

END.
